
///////////////////////////////////
// Efinity Synthesis Started 
// Mar 08, 2026 23:20:34
///////////////////////////////////

[EFX-0012 VERI-INFO] default VHDL library search path is now "E:/Efinity/2021.2/sim_models/vhdl/packages/vhdl_2008" (VHDL-1504) 
[EFX-0011 VERI-WARNING] literal value 'd8 truncated to fit in 3 bits (VERI-1208) (D:/Document\efinity_project\DSO\osd_tilemap.v:105)
[EFX-0010 VERI-ERROR] cannot find port 'char_ascii' on this module (VERI-1010) (D:/Document\efinity_project\DSO\vga_subsystem_top.v:99)
[EFX-0012 VERI-INFO] 'vga_renderer' is declared here (VERI-1310) (D:/Document\efinity_project\DSO\vga_renderer.v:1)
[EFX-0010 VERI-ERROR] cannot find port 'is_cursor' on this module (VERI-1010) (D:/Document\efinity_project\DSO\vga_subsystem_top.v:100)
[EFX-0012 VERI-INFO] 'vga_renderer' is declared here (VERI-1310) (D:/Document\efinity_project\DSO\vga_renderer.v:1)
[EFX-0012 VERI-INFO] compiling module 'EFX_ADD' (VERI-1018) (E:/Efinity/2021.2/sim_models/maplib/efinix_maplib.v:6)
[EFX-0012 VERI-INFO] compiling module 'EFX_FF' (VERI-1018) (E:/Efinity/2021.2/sim_models/maplib/efinix_maplib.v:19)
[EFX-0012 VERI-INFO] compiling module 'EFX_COMB4' (VERI-1018) (E:/Efinity/2021.2/sim_models/maplib/efinix_maplib.v:36)
[EFX-0012 VERI-INFO] compiling module 'EFX_GBUFCE' (VERI-1018) (E:/Efinity/2021.2/sim_models/maplib/efinix_maplib.v:46)
[EFX-0012 VERI-INFO] compiling module 'EFX_IDDR' (VERI-1018) (E:/Efinity/2021.2/sim_models/maplib/efinix_maplib.v:55)
[EFX-0012 VERI-INFO] compiling module 'EFX_ODDR' (VERI-1018) (E:/Efinity/2021.2/sim_models/maplib/efinix_maplib.v:69)
[EFX-0012 VERI-INFO] compiling module 'EFX_IOBUF' (VERI-1018) (E:/Efinity/2021.2/sim_models/maplib/efinix_maplib.v:85)
[EFX-0012 VERI-INFO] compiling module 'EFX_LUT4' (VERI-1018) (E:/Efinity/2021.2/sim_models/maplib/efinix_maplib.v:97)
[EFX-0012 VERI-INFO] compiling module 'EFX_MULT' (VERI-1018) (E:/Efinity/2021.2/sim_models/maplib/efinix_maplib.v:105)
[EFX-0012 VERI-INFO] compiling module 'EFX_DSP48' (VERI-1018) (E:/Efinity/2021.2/sim_models/maplib/efinix_maplib.v:140)
[EFX-0012 VERI-INFO] compiling module 'EFX_DSP24' (VERI-1018) (E:/Efinity/2021.2/sim_models/maplib/efinix_maplib.v:196)
[EFX-0012 VERI-INFO] compiling module 'EFX_DSP12' (VERI-1018) (E:/Efinity/2021.2/sim_models/maplib/efinix_maplib.v:249)
[EFX-0012 VERI-INFO] compiling module 'EFX_RAM_4K' (VERI-1018) (E:/Efinity/2021.2/sim_models/maplib/efinix_maplib.v:302)
[EFX-0012 VERI-INFO] compiling module 'EFX_RAM_5K' (VERI-1018) (E:/Efinity/2021.2/sim_models/maplib/efinix_maplib.v:362)
[EFX-0012 VERI-INFO] compiling module 'EFX_DPRAM_5K' (VERI-1018) (E:/Efinity/2021.2/sim_models/maplib/efinix_maplib.v:434)
[EFX-0012 VERI-INFO] compiling module 'RAMB5' (VERI-1018) (E:/Efinity/2021.2/sim_models/maplib/efinix_maplib.v:539)
[EFX-0012 VERI-INFO] compiling module 'EFX_RAM_10K' (VERI-1018) (E:/Efinity/2021.2/sim_models/maplib/efinix_maplib.v:601)
[EFX-0012 VERI-INFO] compiling module 'EFX_RAM10' (VERI-1018) (E:/Efinity/2021.2/sim_models/maplib/efinix_maplib.v:693)
[EFX-0012 VERI-INFO] compiling module 'EFX_DPRAM10' (VERI-1018) (E:/Efinity/2021.2/sim_models/maplib/efinix_maplib.v:794)
[EFX-0012 VERI-INFO] compiling module 'EFX_SRL8' (VERI-1018) (E:/Efinity/2021.2/sim_models/maplib/efinix_maplib.v:924)
[EFX-0012 VERI-INFO] compiling module 'sine_lut' (VERI-1018) (D:/Document\efinity_project\DSO\sine_lut.v:1)
[EFX-0012 VERI-INFO] extracting RAM for identifier 'rom' (VERI-2571) (D:/Document\efinity_project\DSO\sine_lut.v:8)
[EFX-0011 VERI-WARNING] net 'rom' does not have a driver (VDB-1002) (D:/Document\efinity_project\DSO\sine_lut.v:8)
[EFX-0012 VERI-INFO] compiling module 'dds_generator' (VERI-1018) (D:/Document\efinity_project\DSO\dds_generator.v:1)
[EFX-0010 VERI-ERROR] module does not expect any parameters (VERI-1071) (D:/Document\efinity_project\DSO\dds_generator.v:34)
[EFX-0012 VERI-INFO] compiling module 'sample_controller' (VERI-1018) (D:/Document\efinity_project\DSO\sample_controller.v:1)
[EFX-0012 VERI-INFO] compiling module 'pingpong_bram_buffer' (VERI-1018) (D:/Document\efinity_project\DSO\pingpong_bram_buffer.v:1)
[EFX-0012 VERI-INFO] extracting RAM for identifier 'ram_array' (VERI-2571) (D:/Document\efinity_project\DSO\pingpong_bram_buffer.v:38)
[EFX-0012 VERI-INFO] compiling module 'hmi_controller' (VERI-1018) (D:/Document\efinity_project\DSO\hmi_controller.v:1)
[EFX-0012 VERI-INFO] compiling module 'vga_timing' (VERI-1018) (D:/Document\efinity_project\DSO\vga_timing.v:1)
[EFX-0012 VERI-INFO] compiling module 'oscilloscope_top' (VERI-1018) (D:/Document\efinity_project\DSO\oscilloscope_top.v:1)
[EFX-0011 VERI-WARNING] invert of if-condition matches sensitivity list edge; this is unconventional (VERI-2548) (D:/Document\efinity_project\DSO\oscilloscope_top.v:37)
[EFX-0012 VERI-INFO] compiling module 'key_debouncer' (VERI-1018) (D:/Document\efinity_project\DSO\key_debouncer.v:1)
[EFX-0011 VERI-WARNING] net 'vga_wave_raddr[9]' does not have a driver (VDB-1002) (D:/Document\efinity_project\DSO\oscilloscope_top.v:250)
[EFX-0012 VERI-INFO] compiling module 'osd_tilemap' (VERI-1018) (D:/Document\efinity_project\DSO\osd_tilemap.v:1)
[EFX-0011 VERI-WARNING] expression size 6 truncated to fit in target size 5 (VERI-1209) (D:/Document\efinity_project\DSO\osd_tilemap.v:24)
[EFX-0011 VERI-WARNING] expression size 8 truncated to fit in target size 7 (VERI-1209) (D:/Document\efinity_project\DSO\osd_tilemap.v:105)
[EFX-0012 VERI-INFO] compiling module 'vga_renderer' (VERI-1018) (D:/Document\efinity_project\DSO\vga_renderer.v:1)
[EFX-0021 ERROR] Verific elaboration of module 'vga_renderer' failed.
